<?xml version="1.0" encoding="UTF-8"?>
<!-- Generated by org.testng.reporters.JUnitReportReporter -->
<testsuite hostname="LAPTOP-MBA27H4H" failures="0" tests="5" name="tests.LoginTest" time="31.882" errors="0" timestamp="2022-05-20T12:24:09 IST" skipped="0">
  <testcase classname="tests.LoginTest" name="validLogincheck" time="5.135"/>
  <system-out/>
  <testcase classname="tests.LoginTest" name="invalidLogincheck" time="4.810"/>
  <system-out/>
  <testcase classname="tests.LoginTest" name="invalidUsernameLogincheck" time="4.531"/>
  <system-out/>
  <testcase classname="tests.LoginTest" name="invalidPasswordLogincheck" time="4.771"/>
  <system-out/>
  <testcase classname="tests.LoginTest" name="forgetPasswordCheck" time="12.635"/>
  <system-out/>
</testsuite> <!-- tests.LoginTest -->
