<?xml version="1.0" encoding="UTF-8"?>
<!-- Generated by org.testng.reporters.JUnitReportReporter -->
<testsuite hostname="LAPTOP-MBA27H4H" failures="0" tests="2" name="tests.ImageTest" time="10.278" errors="0" timestamp="2022-05-20T12:24:09 IST" skipped="0">
  <testcase classname="tests.ImageTest" name="imageTestInHomePage" time="3.700"/>
  <system-out/>
  <testcase classname="tests.ImageTest" name="imageTestInSearchResultPage" time="6.578"/>
  <system-out/>
</testsuite> <!-- tests.ImageTest -->
