<?xml version="1.0" encoding="UTF-8"?>
<!-- Generated by org.testng.reporters.JUnitReportReporter -->
<testsuite hostname="LAPTOP-MBA27H4H" failures="0" tests="4" name="tests.NavigationTest" time="23.007" errors="0" timestamp="2022-07-27T16:48:53 IST" skipped="0">
  <testcase classname="tests.NavigationTest" name="navigateFromHomeToLoginPage" time="3.559"/>
  <system-out/>
  <testcase classname="tests.NavigationTest" name="navigateFromHomeToCreateAccountPage" time="3.746"/>
  <system-out/>
  <testcase classname="tests.NavigationTest" name="navigateFromLoginToCreateAccountPage" time="8.620"/>
  <system-out/>
  <testcase classname="tests.NavigationTest" name="navigateFromHomeToSearchResultPage" time="7.082"/>
  <system-out/>
</testsuite> <!-- tests.NavigationTest -->
