<?xml version="1.0" encoding="UTF-8"?>
<!-- Generated by org.testng.reporters.JUnitReportReporter -->
<testsuite hostname="LAPTOP-MBA27H4H" failures="0" tests="1" name="tests.OrderFlowTest" time="25.792" errors="0" timestamp="2022-07-27T17:33:14 IST" skipped="0">
  <testcase classname="tests.OrderFlowTest" name="orderFlowThroughSearch" time="25.792"/>
  <system-out/>
</testsuite> <!-- tests.OrderFlowTest -->
