<?xml version="1.0" encoding="UTF-8"?>
<!-- Generated by org.testng.reporters.JUnitReportReporter -->
<testsuite hostname="LAPTOP-MBA27H4H" failures="0" tests="5" name="tests.LoginTest" time="38.451" errors="0" timestamp="2022-05-17T16:44:17 IST" skipped="0">
  <testcase classname="tests.LoginTest" name="validLogincheck" time="5.717"/>
  <system-out/>
  <testcase classname="tests.LoginTest" name="invalidLogincheck" time="6.346"/>
  <system-out/>
  <testcase classname="tests.LoginTest" name="invalidUsernameLogincheck" time="6.224"/>
  <system-out/>
  <testcase classname="tests.LoginTest" name="invalidPasswordLogincheck" time="6.106"/>
  <system-out/>
  <testcase classname="tests.LoginTest" name="forgetPasswordCheck" time="14.058"/>
  <system-out/>
</testsuite> <!-- tests.LoginTest -->
