<?xml version="1.0" encoding="UTF-8"?>
<!-- Generated by org.testng.reporters.JUnitReportReporter -->
<testsuite hostname="LAPTOP-MBA27H4H" failures="0" tests="4" name="tests.NavigationTest" time="16.300" errors="0" timestamp="2022-05-17T16:44:17 IST" skipped="0">
  <testcase classname="tests.NavigationTest" name="navigateFromHomeToLoginPage" time="4.060"/>
  <system-out/>
  <testcase classname="tests.NavigationTest" name="navigateFromHomeToCreateAccountPage" time="4.050"/>
  <system-out/>
  <testcase classname="tests.NavigationTest" name="navigateFromLoginToCreateAccountPage" time="4.635"/>
  <system-out/>
  <testcase classname="tests.NavigationTest" name="navigateFromHomeToSearchResultPage" time="3.555"/>
  <system-out/>
</testsuite> <!-- tests.NavigationTest -->
