<?xml version="1.0" encoding="UTF-8"?>
<!-- Generated by org.testng.reporters.JUnitReportReporter -->
<testsuite hostname="LAPTOP-MBA27H4H" failures="0" tests="1" name="tests.OrderFlowTest" time="23.807" errors="0" timestamp="2022-05-17T16:44:17 IST" skipped="0">
  <testcase classname="tests.OrderFlowTest" name="orderFlowThroughSearch" time="23.807"/>
  <system-out/>
</testsuite> <!-- tests.OrderFlowTest -->
