<?xml version="1.0" encoding="UTF-8"?>
<!-- Generated by org.testng.reporters.JUnitReportReporter -->
<testsuite hostname="LAPTOP-MBA27H4H" failures="0" tests="2" name="tests.ImageTest" time="8.351" errors="0" timestamp="2022-05-17T16:44:17 IST" skipped="0">
  <testcase classname="tests.ImageTest" name="imageTestInHomePage" time="3.397"/>
  <system-out/>
  <testcase classname="tests.ImageTest" name="imageTestInSearchResultPage" time="4.954"/>
  <system-out/>
</testsuite> <!-- tests.ImageTest -->
