<?xml version="1.0" encoding="UTF-8"?>
<!-- Generated by org.testng.reporters.JUnitReportReporter -->
<testsuite hostname="LAPTOP-MBA27H4H" failures="0" tests="3" name="tests.CreateAccountTest" time="10.790" errors="0" timestamp="2022-05-17T16:44:17 IST" skipped="0">
  <testcase classname="tests.CreateAccountTest" name="createValidUser" time="3.160"/>
  <system-out/>
  <testcase classname="tests.CreateAccountTest" name="passwordValidation" time="4.017"/>
  <system-out/>
  <testcase classname="tests.CreateAccountTest" name="mailValidation" time="3.613"/>
  <system-out/>
</testsuite> <!-- tests.CreateAccountTest -->
